{"/Users/quyhaitruong/Documents/playground/Bookstore_nodeJS_HaiTruong/src/tests/sum.ts": {"path":"/Users/quyhaitruong/Documents/playground/Bookstore_nodeJS_HaiTruong/src/tests/sum.ts","statementMap":{"0":{"start":{"line":1,"column":0},"end":{"line":1,"column":27}},"1":{"start":{"line":1,"column":21},"end":{"line":1,"column":26}}},"fnMap":{"0":{"name":"(anonymous_0)","decl":{"start":{"line":1,"column":15},"end":{"line":1,"column":18}},"loc":{"start":{"line":1,"column":21},"end":{"line":1,"column":26}}}},"branchMap":{},"s":{"0":1,"1":1},"f":{"0":1},"b":{}}
}
